<?xml version="1.0" encoding="UTF-8"?>
<!-- Generated by org.testng.reporters.JUnitReportReporter -->
<testsuite hostname="RajaNishi" failures="0" tests="1" name="Testing.TestCase4" time="6.078" errors="0" timestamp="2022-12-22T17:29:23 IST" skipped="0">
  <testcase classname="Testing.TestCase4" name="testCase4" time="6.078"/>
  <system-out/>
</testsuite> <!-- Testing.TestCase4 -->
