<?xml version="1.0" encoding="UTF-8"?>
<!-- Generated by org.testng.reporters.JUnitReportReporter -->
<testsuite hostname="RajaNishi" failures="0" tests="1" name="Testing.TestCase1" time="11.015" errors="0" timestamp="2022-12-22T08:55:17 IST" skipped="0">
  <testcase classname="Testing.TestCase1" name="testCase1" time="11.015"/>
  <system-out>
    <![CDATA[https://www.facebook.com/
Log in to Facebook]]>
  </system-out>
</testsuite> <!-- Testing.TestCase1 -->
