<?xml version="1.0" encoding="UTF-8"?>
<!-- Generated by org.testng.reporters.JUnitReportReporter -->
<testsuite hostname="RajaNishi" failures="0" tests="1" name="pom.Test1" time="0.013" errors="0" timestamp="2022-12-20T07:53:20 IST" skipped="0">
  <testcase classname="pom.Test1" name="demo" time="0.013"/>
  <system-out>
    <![CDATA[Hello
Hello Java]]>
  </system-out>
</testsuite> <!-- pom.Test1 -->
