<?xml version="1.0" encoding="UTF-8"?>
<!-- Generated by org.testng.reporters.JUnitReportReporter -->
<testsuite hostname="RajaNishi" failures="0" tests="1" name="Testing.TestCase3" time="3.821" errors="0" timestamp="2022-12-22T08:55:17 IST" skipped="0">
  <testcase classname="Testing.TestCase3" name="testCase3" time="3.821"/>
  <system-out>
    <![CDATA[https://www.facebook.com/
Facebook â€“ log in or sign up]]>
  </system-out>
</testsuite> <!-- Testing.TestCase3 -->
