<?xml version="1.0" encoding="UTF-8"?>
<!-- Generated by org.testng.reporters.JUnitReportReporter -->
<testsuite hostname="RajaNishi" failures="0" tests="3" name="pom.Test2" time="0.013" errors="0" timestamp="2022-12-20T19:48:36 IST" skipped="1">
  <testcase classname="pom.Test2" name="calls" time="0.011"/>
  <system-out>
    <![CDATA[Calls]]>
  </system-out>
  <testcase classname="pom.Test2" name="settings" time="0.002"/>
  <system-out>
    <![CDATA[Settings]]>
  </system-out>
  <testcase classname="pom.Test2" name="chats">
    <skipped/>
  </testcase> <!-- chats -->
  <system-out/>
</testsuite> <!-- pom.Test2 -->
