<?xml version="1.0" encoding="UTF-8"?>
<!-- Generated by org.testng.reporters.JUnitReportReporter -->
<testsuite hostname="RajaNishi" failures="0" tests="1" name="Testing.TestCase2" time="6.693" errors="0" timestamp="2022-12-22T08:55:17 IST" skipped="0">
  <testcase classname="Testing.TestCase2" name="testCase" time="6.693"/>
  <system-out/>
</testsuite> <!-- Testing.TestCase2 -->
