<?xml version="1.0" encoding="UTF-8"?>
<!-- Generated by org.testng.reporters.JUnitReportReporter -->
<testsuite hostname="RajaNishi" failures="0" tests="3" name="Testing.Parallel" time="37.069" errors="0" timestamp="2022-12-21T08:34:15 IST" skipped="0">
  <testcase classname="Testing.Parallel" name="parallel" time="12.705"/>
  <system-out>
    <![CDATA[https://www.facebook.com/
Log in to Facebook]]>
  </system-out>
  <testcase classname="Testing.Parallel" name="parallel" time="12.749"/>
  <system-out>
    <![CDATA[https://www.facebook.com/
Log in to Facebook]]>
  </system-out>
  <testcase classname="Testing.Parallel" name="parallel" time="11.615"/>
  <system-out>
    <![CDATA[https://www.facebook.com/
Log in to Facebook]]>
  </system-out>
</testsuite> <!-- Testing.Parallel -->
