<?xml version="1.0" encoding="UTF-8"?>
<!-- Generated by org.testng.reporters.JUnitReportReporter -->
<testsuite hostname="RajaNishi" failures="0" tests="1" name="scripts.TestCase3" time="10.041" errors="0" timestamp="2022-12-30T12:35:14 IST" skipped="0">
  <testcase classname="scripts.TestCase3" name="tc3" time="10.041"/>
  <system-out/>
</testsuite> <!-- scripts.TestCase3 -->
