<?xml version="1.0" encoding="UTF-8"?>
<!-- Generated by org.testng.reporters.JUnitReportReporter -->
<testsuite hostname="RajaNishi" failures="0" tests="1" name="scripts.TestCase2" time="7.439" errors="0" timestamp="2022-12-30T12:35:14 IST" skipped="0">
  <testcase classname="scripts.TestCase2" name="tc2" time="7.439"/>
  <system-out/>
</testsuite> <!-- scripts.TestCase2 -->
